2021-01-02 23:24:27 [restartedMain] INFO  c.i.TheCatApi.TheCatApiApplication - Starting TheCatApiApplication on c0990d94d538 with PID 59 (/thecatapi/target/classes started by root in /thecatapi)
2021-01-02 23:24:28 [restartedMain] DEBUG c.i.TheCatApi.TheCatApiApplication - Running with Spring Boot v2.3.7.RELEASE, Spring v5.2.12.RELEASE
2021-01-02 23:24:28 [restartedMain] INFO  c.i.TheCatApi.TheCatApiApplication - No active profile set, falling back to default profiles: default
2021-01-02 23:24:30 [restartedMain] INFO  o.s.b.d.e.DevToolsPropertyDefaultsPostProcessor - Devtools property defaults active! Set 'spring.devtools.add-properties' to 'false' to disable
2021-01-02 23:24:30 [restartedMain] INFO  o.s.b.d.e.DevToolsPropertyDefaultsPostProcessor - For additional web related logging consider setting the 'logging.level.web' property to 'DEBUG'
2021-01-02 23:24:50 [restartedMain] INFO  o.s.d.r.c.RepositoryConfigurationDelegate - Bootstrapping Spring Data JPA repositories in DEFAULT mode.
2021-01-02 23:24:51 [restartedMain] INFO  o.s.d.r.c.RepositoryConfigurationDelegate - Finished Spring Data repository scanning in 1814ms. Found 3 JPA repository interfaces.
2021-01-02 23:24:57 [restartedMain] INFO  o.s.b.w.e.tomcat.TomcatWebServer - Tomcat initialized with port(s): 8080 (http)
2021-01-02 23:24:57 [restartedMain] INFO  o.a.catalina.core.StandardService - Starting service [Tomcat]
2021-01-02 23:24:57 [restartedMain] INFO  o.a.catalina.core.StandardEngine - Starting Servlet engine: [Apache Tomcat/9.0.41]
2021-01-02 23:24:57 [restartedMain] INFO  o.a.c.c.C.[Tomcat].[localhost].[/] - Initializing Spring embedded WebApplicationContext
2021-01-02 23:24:57 [restartedMain] INFO  o.s.b.w.s.c.ServletWebServerApplicationContext - Root WebApplicationContext: initialization completed in 27738 ms
2021-01-02 23:25:00 [restartedMain] INFO  o.h.jpa.internal.util.LogHelper - HHH000204: Processing PersistenceUnitInfo [name: default]
2021-01-02 23:25:02 [restartedMain] INFO  org.hibernate.Version - HHH000412: Hibernate ORM core version 5.4.25.Final
2021-01-02 23:25:04 [restartedMain] INFO  o.h.annotations.common.Version - HCANN000001: Hibernate Commons Annotations {5.1.2.Final}
2021-01-02 23:25:07 [restartedMain] INFO  com.zaxxer.hikari.HikariDataSource - HikariPool-1 - Starting...
2021-01-02 23:25:10 [restartedMain] INFO  com.zaxxer.hikari.HikariDataSource - HikariPool-1 - Start completed.
2021-01-02 23:25:11 [restartedMain] INFO  org.hibernate.dialect.Dialect - HHH000400: Using dialect: org.hibernate.dialect.MySQL8Dialect
2021-01-02 23:25:19 [restartedMain] INFO  o.h.e.t.j.p.i.JtaPlatformInitiator - HHH000490: Using JtaPlatform implementation: [org.hibernate.engine.transaction.jta.platform.internal.NoJtaPlatform]
2021-01-02 23:25:19 [restartedMain] INFO  o.s.o.j.LocalContainerEntityManagerFactoryBean - Initialized JPA EntityManagerFactory for persistence unit 'default'
2021-01-02 23:25:19 [restartedMain] INFO  o.s.b.d.a.OptionalLiveReloadServer - LiveReload server is running on port 35729
2021-01-02 23:25:23 [restartedMain] WARN  o.s.b.a.o.j.JpaBaseConfiguration$JpaWebConfiguration - spring.jpa.open-in-view is enabled by default. Therefore, database queries may be performed during view rendering. Explicitly configure spring.jpa.open-in-view to disable this warning
2021-01-02 23:25:25 [restartedMain] INFO  o.s.j.s.ConnectorServerFactoryBean - JMX connector server started: javax.management.remote.rmi.RMIConnectorServer@266df42b
2021-01-02 23:25:25 [restartedMain] INFO  s.d.s.w.PropertySourcedRequestMappingHandlerMapping - Mapped URL path [/v2/api-docs] onto method [springfox.documentation.swagger2.web.Swagger2Controller#getDocumentation(String, HttpServletRequest)]
2021-01-02 23:25:26 [restartedMain] INFO  o.s.s.c.ThreadPoolTaskExecutor - Initializing ExecutorService 'applicationTaskExecutor'
2021-01-02 23:25:28 [restartedMain] INFO  o.s.b.w.e.tomcat.TomcatWebServer - Tomcat started on port(s): 8080 (http) with context path ''
2021-01-02 23:25:28 [restartedMain] INFO  s.d.s.w.p.DocumentationPluginsBootstrapper - Context refreshed
2021-01-02 23:25:28 [restartedMain] INFO  s.d.s.w.p.DocumentationPluginsBootstrapper - Found 1 custom documentation plugin(s)
2021-01-02 23:25:29 [restartedMain] INFO  s.d.s.w.s.ApiListingReferenceScanner - Scanning for api listing references
2021-01-02 23:25:30 [restartedMain] INFO  s.d.s.w.r.o.CachingOperationNameGenerator - Generating unique operation named: deleteUsingDELETE_1
2021-01-02 23:25:30 [restartedMain] INFO  s.d.s.w.r.o.CachingOperationNameGenerator - Generating unique operation named: getAllUsingGET_1
2021-01-02 23:25:30 [restartedMain] INFO  s.d.s.w.r.o.CachingOperationNameGenerator - Generating unique operation named: postUsingPOST_1
2021-01-02 23:25:30 [restartedMain] INFO  s.d.s.w.r.o.CachingOperationNameGenerator - Generating unique operation named: putUsingPUT_1
2021-01-02 23:25:30 [restartedMain] INFO  s.d.s.w.r.o.CachingOperationNameGenerator - Generating unique operation named: deleteUsingDELETE_2
2021-01-02 23:25:30 [restartedMain] INFO  s.d.s.w.r.o.CachingOperationNameGenerator - Generating unique operation named: getAllUsingGET_2
2021-01-02 23:25:30 [restartedMain] INFO  s.d.s.w.r.o.CachingOperationNameGenerator - Generating unique operation named: postUsingPOST_2
2021-01-02 23:25:30 [restartedMain] INFO  s.d.s.w.r.o.CachingOperationNameGenerator - Generating unique operation named: putUsingPUT_2
2021-01-02 23:25:30 [restartedMain] INFO  c.i.TheCatApi.TheCatApiApplication - Started TheCatApiApplication in 79.104 seconds (JVM running for 82.511)
2021-01-02 23:28:11 [http-nio-8080-exec-1] INFO  o.a.c.c.C.[Tomcat].[localhost].[/] - Initializing Spring DispatcherServlet 'dispatcherServlet'
2021-01-02 23:28:11 [http-nio-8080-exec-1] INFO  o.s.web.servlet.DispatcherServlet - Initializing Servlet 'dispatcherServlet'
2021-01-02 23:28:11 [http-nio-8080-exec-1] INFO  o.s.web.servlet.DispatcherServlet - Completed initialization in 39 ms
2021-01-02 23:28:11 [http-nio-8080-exec-1] INFO  c.i.T.controller.BreedsController - method accessed per breeds
